Using pre-set license
Built from '2021.3/staging' branch; Version is '2021.3.22f1 (b6c551784ba3) revision 11978065'; Using compiler version '192829333'; Build Type 'Release'
OS: 'Windows 10  (10.0.19045) 64bit Professional' Language: 'ru' Physical Memory: 32600 MB
BatchMode: 1, IsHumanControllingUs: 0, StartBugReporterOnCrash: 0, Is64bit: 1, IsPro: 1

COMMAND LINE ARGUMENTS:
C:\Program Files\Unity\Hub\Editor\2021.3.22f1\Editor\Unity.exe
-adb2
-batchMode
-noUpm
-name
AssetImportWorker0
-projectPath
D:/UnityProjects/UnityPractice2
-logFile
Logs/AssetImportWorker0.log
-srvPort
51647
Successfully changed project path to: D:/UnityProjects/UnityPractice2
D:/UnityProjects/UnityPractice2
[UnityMemory] Configuration Parameters - Can be set up in boot.config
    "memorysetup-bucket-allocator-granularity=16"
    "memorysetup-bucket-allocator-bucket-count=8"
    "memorysetup-bucket-allocator-block-size=33554432"
    "memorysetup-bucket-allocator-block-count=8"
    "memorysetup-main-allocator-block-size=16777216"
    "memorysetup-thread-allocator-block-size=16777216"
    "memorysetup-gfx-main-allocator-block-size=16777216"
    "memorysetup-gfx-thread-allocator-block-size=16777216"
    "memorysetup-cache-allocator-block-size=4194304"
    "memorysetup-typetree-allocator-block-size=2097152"
    "memorysetup-profiler-bucket-allocator-granularity=16"
    "memorysetup-profiler-bucket-allocator-bucket-count=8"
    "memorysetup-profiler-bucket-allocator-block-size=33554432"
    "memorysetup-profiler-bucket-allocator-block-count=8"
    "memorysetup-profiler-allocator-block-size=16777216"
    "memorysetup-profiler-editor-allocator-block-size=1048576"
    "memorysetup-temp-allocator-size-main=16777216"
    "memorysetup-job-temp-allocator-block-size=2097152"
    "memorysetup-job-temp-allocator-block-size-background=1048576"
    "memorysetup-job-temp-allocator-reduction-small-platforms=262144"
    "memorysetup-temp-allocator-size-background-worker=32768"
    "memorysetup-temp-allocator-size-job-worker=262144"
    "memorysetup-temp-allocator-size-preload-manager=33554432"
    "memorysetup-temp-allocator-size-nav-mesh-worker=65536"
    "memorysetup-temp-allocator-size-audio-worker=65536"
    "memorysetup-temp-allocator-size-cloud-worker=32768"
    "memorysetup-temp-allocator-size-gi-baking-worker=262144"
    "memorysetup-temp-allocator-size-gfx=262144"
Player connection [13240] Host "[IP] 26.60.204.33 [Port] 0 [Flags] 2 [Guid] 2574656952 [EditorId] 2574656952 [Version] 1048832 [Id] WindowsEditor(7,DESKTOP-78QS6HI) [Debug] 1 [PackageName] WindowsEditor [ProjectName] Editor" joined multi-casting on [225.0.0.222:54997]...

Player connection [13240] Host "[IP] 26.60.204.33 [Port] 0 [Flags] 2 [Guid] 2574656952 [EditorId] 2574656952 [Version] 1048832 [Id] WindowsEditor(7,DESKTOP-78QS6HI) [Debug] 1 [PackageName] WindowsEditor [ProjectName] Editor" joined alternative multi-casting on [225.0.0.222:34997]...

Refreshing native plugins compatible for Editor in 49.64 ms, found 3 plugins.
Preloading 0 native plugins for Editor in 0.00 ms.
Initialize engine version: 2021.3.22f1 (b6c551784ba3)
[Subsystems] Discovering subsystems at path C:/Program Files/Unity/Hub/Editor/2021.3.22f1/Editor/Data/Resources/UnitySubsystems
[Subsystems] Discovering subsystems at path D:/UnityProjects/UnityPractice2/Assets
GfxDevice: creating device client; threaded=0; jobified=0
Direct3D:
    Version:  Direct3D 11.0 [level 11.1]
    Renderer: NVIDIA GeForce RTX 3070 (ID=0x2488)
    Vendor:   NVIDIA
    VRAM:     8031 MB
    Driver:   31.0.15.3713
Initialize mono
Mono path[0] = 'C:/Program Files/Unity/Hub/Editor/2021.3.22f1/Editor/Data/Managed'
Mono path[1] = 'C:/Program Files/Unity/Hub/Editor/2021.3.22f1/Editor/Data/MonoBleedingEdge/lib/mono/unityjit-win32'
Mono config path = 'C:/Program Files/Unity/Hub/Editor/2021.3.22f1/Editor/Data/MonoBleedingEdge/etc'
Using monoOptions --debugger-agent=transport=dt_socket,embedding=1,server=y,suspend=n,address=127.0.0.1:56100
Begin MonoManager ReloadAssembly
Registering precompiled unity dll's ...
Register platform support module: C:/Program Files/Unity/Hub/Editor/2021.3.22f1/Editor/Data/PlaybackEngines/AndroidPlayer/UnityEditor.Android.Extensions.dll
Register platform support module: C:/Program Files/Unity/Hub/Editor/2021.3.22f1/Editor/Data/PlaybackEngines/WindowsStandaloneSupport/UnityEditor.WindowsStandalone.Extensions.dll
Registered in 0.005140 seconds.
Native extension for WindowsStandalone target not found
Native extension for Android target not found
Android Extension - Scanning For ADB Devices 157 ms
Refreshing native plugins compatible for Editor in 51.05 ms, found 3 plugins.
Preloading 0 native plugins for Editor in 0.00 ms.
Mono: successfully reloaded assembly
- Completed reload, in  0.618 seconds
Domain Reload Profiling:
	ReloadAssembly (618ms)
		BeginReloadAssembly (56ms)
			ExecutionOrderSort (0ms)
			DisableScriptedObjects (0ms)
			BackupInstance (0ms)
			ReleaseScriptingObjects (0ms)
			CreateAndSetChildDomain (1ms)
		EndReloadAssembly (489ms)
			LoadAssemblies (55ms)
			RebuildTransferFunctionScriptingTraits (0ms)
			SetupTypeCache (71ms)
			ReleaseScriptCaches (0ms)
			RebuildScriptCaches (18ms)
			SetupLoadedEditorAssemblies (366ms)
				LogAssemblyErrors (0ms)
				InitializePlatformSupportModulesInManaged (219ms)
				SetLoadedEditorAssemblies (0ms)
				RefreshPlugins (51ms)
				BeforeProcessingInitializeOnLoad (1ms)
				ProcessInitializeOnLoadAttributes (63ms)
				ProcessInitializeOnLoadMethodAttributes (31ms)
				AfterProcessingInitializeOnLoad (0ms)
				EditorAssembliesLoaded (0ms)
			ExecutionOrderSort2 (0ms)
			AwakeInstancesAfterBackupRestoration (0ms)
Platform modules already initialized, skipping
Registering precompiled user dll's ...
Registered in 0.002311 seconds.
Begin MonoManager ReloadAssembly
Symbol file LoadedFromMemory doesn't match image D:\UnityProjects\UnityPractice2\Library\PackageCache\com.unity.visualscripting@1.8.0\Editor\VisualScripting.Core\Dependencies\YamlDotNet\Unity.VisualScripting.YamlDotNet.dll
Symbol file LoadedFromMemory doesn't match image D:\UnityProjects\UnityPractice2\Library\PackageCache\com.unity.visualscripting@1.8.0\Editor\VisualScripting.Core\Dependencies\DotNetZip\Unity.VisualScripting.IonicZip.dll
Native extension for WindowsStandalone target not found
Native extension for Android target not found
Refreshing native plugins compatible for Editor in 0.34 ms, found 3 plugins.
Preloading 0 native plugins for Editor in 0.00 ms.
Mono: successfully reloaded assembly
- Completed reload, in  0.723 seconds
Domain Reload Profiling:
	ReloadAssembly (723ms)
		BeginReloadAssembly (84ms)
			ExecutionOrderSort (0ms)
			DisableScriptedObjects (4ms)
			BackupInstance (0ms)
			ReleaseScriptingObjects (0ms)
			CreateAndSetChildDomain (15ms)
		EndReloadAssembly (562ms)
			LoadAssemblies (61ms)
			RebuildTransferFunctionScriptingTraits (0ms)
			SetupTypeCache (179ms)
			ReleaseScriptCaches (0ms)
			RebuildScriptCaches (39ms)
			SetupLoadedEditorAssemblies (242ms)
				LogAssemblyErrors (0ms)
				InitializePlatformSupportModulesInManaged (13ms)
				SetLoadedEditorAssemblies (0ms)
				RefreshPlugins (0ms)
				BeforeProcessingInitializeOnLoad (67ms)
				ProcessInitializeOnLoadAttributes (142ms)
				ProcessInitializeOnLoadMethodAttributes (13ms)
				AfterProcessingInitializeOnLoad (5ms)
				EditorAssembliesLoaded (0ms)
			ExecutionOrderSort2 (0ms)
			AwakeInstancesAfterBackupRestoration (5ms)
Platform modules already initialized, skipping
========================================================================
Worker process is ready to serve import requests
Launched and connected shader compiler UnityShaderCompiler.exe after 0.03 seconds
Refreshing native plugins compatible for Editor in 0.44 ms, found 3 plugins.
Preloading 0 native plugins for Editor in 0.00 ms.
Unloading 3047 Unused Serialized files (Serialized files now loaded: 0)
Unloading 24 unused Assets / (113.4 KB). Loaded Objects now: 3509.
Memory consumption went from 107.6 MB to 107.5 MB.
Total: 2.445800 ms (FindLiveObjects: 0.174900 ms CreateObjectMapping: 0.071200 ms MarkObjects: 2.097100 ms  DeleteObjects: 0.101800 ms)

AssetImportParameters requested are different than current active one (requested -> active):
  custom:video-decoder-ogg-theora: a1e56fd34408186e4bbccfd4996cb3dc -> 
  custom:container-muxer-webm: aa71ff27fc2769a1b78a27578f13a17b -> 
  custom:container-demuxer-webm: 4f35f7cbe854078d1ac9338744f61a02 -> 
  custom:video-encoder-webm-vp8: eb34c28f22e8b96e1ab97ce403110664 -> 
  custom:audio-encoder-webm-vorbis: bf7c407c2cedff20999df2af8eb42d56 -> 
  custom:framework-win-MediaFoundation: 216162199b28c13a410421893ffa2e32 -> 
  custom:container-demuxer-ogg: 62fdf1f143b41e24485cea50d1cbac27 -> 
  custom:video-decoder-webm-vp8: 9c59270c3fd7afecdb556c50c9e8de78 -> 
  custom:audio-decoder-ogg-vorbis: bf7c407c2cedff20999df2af8eb42d56 -> 
========================================================================
Received Import Request.
  Time since last request: 2359762.211838 seconds.
  path: Assets/Materials/SteelMaterial.mat
  artifactKey: Guid(93df14923a5c9414d842300826072c0b) Importer(815301076,1909f56bfc062723c751e8b465ee728b)
Start importing Assets/Materials/SteelMaterial.mat using Guid(93df14923a5c9414d842300826072c0b) Importer(815301076,1909f56bfc062723c751e8b465ee728b)  -> (artifact id: 'c6bfd3d77f76f4c03da8843c89f99231') in 0.101645 seconds 
========================================================================
Received Import Request.
  Time since last request: 324.449369 seconds.
  path: Assets/Prefabs/Lamp.prefab
  artifactKey: Guid(c1f86f25e6f76784bacc8b4a36069247) Importer(815301076,1909f56bfc062723c751e8b465ee728b)
Start importing Assets/Prefabs/Lamp.prefab using Guid(c1f86f25e6f76784bacc8b4a36069247) Importer(815301076,1909f56bfc062723c751e8b465ee728b)  -> (artifact id: '7ed1b8ca06244258f1611ada8c8c82bc') in 0.038662 seconds 
========================================================================
Received Import Request.
  Time since last request: 126.031165 seconds.
  path: Assets/Prefabs/Lamp.prefab
  artifactKey: Guid(c1f86f25e6f76784bacc8b4a36069247) Importer(815301076,1909f56bfc062723c751e8b465ee728b)
Start importing Assets/Prefabs/Lamp.prefab using Guid(c1f86f25e6f76784bacc8b4a36069247) Importer(815301076,1909f56bfc062723c751e8b465ee728b)  -> (artifact id: '186d262cfbc7f38bcc6ca828049ff826') in 0.013935 seconds 
========================================================================
Received Import Request.
  Time since last request: 14.497747 seconds.
  path: Assets/Prefabs/Lamp.prefab
  artifactKey: Guid(c1f86f25e6f76784bacc8b4a36069247) Importer(815301076,1909f56bfc062723c751e8b465ee728b)
Start importing Assets/Prefabs/Lamp.prefab using Guid(c1f86f25e6f76784bacc8b4a36069247) Importer(815301076,1909f56bfc062723c751e8b465ee728b)  -> (artifact id: 'fbcff390b04ed14c867f6ed9b438cd60') in 0.007383 seconds 
========================================================================
Received Import Request.
  Time since last request: 2.189110 seconds.
  path: Assets/Prefabs/Lamp.prefab
  artifactKey: Guid(c1f86f25e6f76784bacc8b4a36069247) Importer(815301076,1909f56bfc062723c751e8b465ee728b)
Start importing Assets/Prefabs/Lamp.prefab using Guid(c1f86f25e6f76784bacc8b4a36069247) Importer(815301076,1909f56bfc062723c751e8b465ee728b)  -> (artifact id: '38b9320e9e5298c83bba02d6c1cf7f43') in 0.016243 seconds 
========================================================================
Received Import Request.
  Time since last request: 4.413466 seconds.
  path: Assets/Prefabs/Lamp.prefab
  artifactKey: Guid(c1f86f25e6f76784bacc8b4a36069247) Importer(815301076,1909f56bfc062723c751e8b465ee728b)
Start importing Assets/Prefabs/Lamp.prefab using Guid(c1f86f25e6f76784bacc8b4a36069247) Importer(815301076,1909f56bfc062723c751e8b465ee728b)  -> (artifact id: '310be725f0658154101c016ec72d58d5') in 0.007477 seconds 
========================================================================
Received Import Request.
  Time since last request: 2.310700 seconds.
  path: Assets/Prefabs/Lamp.prefab
  artifactKey: Guid(c1f86f25e6f76784bacc8b4a36069247) Importer(815301076,1909f56bfc062723c751e8b465ee728b)
Start importing Assets/Prefabs/Lamp.prefab using Guid(c1f86f25e6f76784bacc8b4a36069247) Importer(815301076,1909f56bfc062723c751e8b465ee728b)  -> (artifact id: '787c14496b56484abc11aaf1d106a5d2') in 0.008362 seconds 
========================================================================
Received Import Request.
  Time since last request: 188.296997 seconds.
  path: Assets/Prefabs/Torch.prefab
  artifactKey: Guid(d113b840d545df640bbc6b2abb462726) Importer(815301076,1909f56bfc062723c751e8b465ee728b)
Start importing Assets/Prefabs/Torch.prefab using Guid(d113b840d545df640bbc6b2abb462726) Importer(815301076,1909f56bfc062723c751e8b465ee728b)  -> (artifact id: 'af0cb81cb31c8ef8e0d64e5f845abf8d') in 0.009351 seconds 
========================================================================
Received Import Request.
  Time since last request: 67.444205 seconds.
  path: Assets/Prefabs/Lamp.prefab
  artifactKey: Guid(c1f86f25e6f76784bacc8b4a36069247) Importer(815301076,1909f56bfc062723c751e8b465ee728b)
Start importing Assets/Prefabs/Lamp.prefab using Guid(c1f86f25e6f76784bacc8b4a36069247) Importer(815301076,1909f56bfc062723c751e8b465ee728b)  -> (artifact id: '4e62f14afb036e0361c504e852f7d8e9') in 0.009810 seconds 
========================================================================
Received Import Request.
  Time since last request: 91.392267 seconds.
  path: Assets/Prefabs/Torch.prefab
  artifactKey: Guid(d113b840d545df640bbc6b2abb462726) Importer(815301076,1909f56bfc062723c751e8b465ee728b)
Start importing Assets/Prefabs/Torch.prefab using Guid(d113b840d545df640bbc6b2abb462726) Importer(815301076,1909f56bfc062723c751e8b465ee728b)  -> (artifact id: 'e942e352f9a78aa8af24b4bcfd8f3114') in 0.019320 seconds 
========================================================================
Received Import Request.
  Time since last request: 8.369261 seconds.
  path: Assets/Prefabs/Torch.prefab
  artifactKey: Guid(d113b840d545df640bbc6b2abb462726) Importer(815301076,1909f56bfc062723c751e8b465ee728b)
Start importing Assets/Prefabs/Torch.prefab using Guid(d113b840d545df640bbc6b2abb462726) Importer(815301076,1909f56bfc062723c751e8b465ee728b)  -> (artifact id: '8b7e557a5e0308f4fe93a18835118702') in 0.006131 seconds 
========================================================================
Received Import Request.
  Time since last request: 7.860817 seconds.
  path: Assets/Prefabs/Torch.prefab
  artifactKey: Guid(d113b840d545df640bbc6b2abb462726) Importer(815301076,1909f56bfc062723c751e8b465ee728b)
Start importing Assets/Prefabs/Torch.prefab using Guid(d113b840d545df640bbc6b2abb462726) Importer(815301076,1909f56bfc062723c751e8b465ee728b)  -> (artifact id: '70281e9172fcc4864f757e455becea9b') in 0.008448 seconds 
========================================================================
Received Import Request.
  Time since last request: 14.652670 seconds.
  path: Assets/Prefabs/Torch.prefab
  artifactKey: Guid(d113b840d545df640bbc6b2abb462726) Importer(815301076,1909f56bfc062723c751e8b465ee728b)
Start importing Assets/Prefabs/Torch.prefab using Guid(d113b840d545df640bbc6b2abb462726) Importer(815301076,1909f56bfc062723c751e8b465ee728b)  -> (artifact id: '37633e1dc734f0aa93cc99d9547b4ec5') in 0.006519 seconds 
========================================================================
Received Import Request.
  Time since last request: 13.032709 seconds.
  path: Assets/Prefabs/Lamp.prefab
  artifactKey: Guid(c1f86f25e6f76784bacc8b4a36069247) Importer(815301076,1909f56bfc062723c751e8b465ee728b)
Start importing Assets/Prefabs/Lamp.prefab using Guid(c1f86f25e6f76784bacc8b4a36069247) Importer(815301076,1909f56bfc062723c751e8b465ee728b)  -> (artifact id: 'bf4febc7b479c0480fe4502ec0b9877a') in 0.014202 seconds 
========================================================================
Received Import Request.
  Time since last request: 6.226433 seconds.
  path: Assets/Prefabs/Lamp.prefab
  artifactKey: Guid(c1f86f25e6f76784bacc8b4a36069247) Importer(815301076,1909f56bfc062723c751e8b465ee728b)
Start importing Assets/Prefabs/Lamp.prefab using Guid(c1f86f25e6f76784bacc8b4a36069247) Importer(815301076,1909f56bfc062723c751e8b465ee728b)  -> (artifact id: '548e96798c90ddbd5f6dd2f6ed25183d') in 0.011544 seconds 
========================================================================
Received Import Request.
  Time since last request: 212.434062 seconds.
  path: Assets/Prefabs/Lamp.prefab
  artifactKey: Guid(c1f86f25e6f76784bacc8b4a36069247) Importer(815301076,1909f56bfc062723c751e8b465ee728b)
Start importing Assets/Prefabs/Lamp.prefab using Guid(c1f86f25e6f76784bacc8b4a36069247) Importer(815301076,1909f56bfc062723c751e8b465ee728b)  -> (artifact id: '3bc7a492defadeb769c046add5c9188c') in 0.008597 seconds 
========================================================================
Received Import Request.
  Time since last request: 15.925573 seconds.
  path: Assets/Prefabs/Torch.prefab
  artifactKey: Guid(d113b840d545df640bbc6b2abb462726) Importer(815301076,1909f56bfc062723c751e8b465ee728b)
Start importing Assets/Prefabs/Torch.prefab using Guid(d113b840d545df640bbc6b2abb462726) Importer(815301076,1909f56bfc062723c751e8b465ee728b)  -> (artifact id: '2705dc895a352adf42812118ad7bc816') in 0.008670 seconds 
